Mono runtime detected.
Operating system: Unix 5.4.0.81
Opening INI file "/home/bunnidev/Documents/I-Spat-on-God/SonLVL/SonLVL.ini"...
Game type is S1.
Loading Green Hill Zone Act 1...
Loading 16x16 blocks from file "../map16/ghz.bin", using compression Enigma...
Loading 8x8 tiles from file "../artnem/8x8ghz2.bin", using compression Nemesis...
Loading palette file "../pallet/sonic.bin"...
Source: 0 Destination: 0 Length: 16
Loading 256x256 chunks from file "../map256/ghz.bin", using compression Kosinski...
Loading palette file "../pallet/ghz.bin"...
Source: 0 Destination: 16 Length: 48
Loading FG layout from file "../levels/ghz1.bin", using compression Uncompressed...
Loading BG layout from file "../levels/ghzbg.bin", using compression Uncompressed...
Loading FG layout from file "../levels/ghz2.bin", using compression Uncompressed...
Loading FG layout from file "../levels/ghz3.bin", using compression Uncompressed...
Loading FG layout from file "../levels/ending.bin", using compression Uncompressed...
Loading object definition file "obj.ini".
Loading object definition file "objGHZ.ini".
Loading ObjectDefinition type S1ObjectDefinitions.Common.InvisibleBlock from "Common/InvisibleBlock.cs"...
Loading ObjectDefinition type S1ObjectDefinitions.Common.Ring from "Common/Ring.cs"...
Loading type from cached assembly "dllcache/S1ObjectDefinitions.Common.InvisibleBlock.dll"...
Loading type from cached assembly "dllcache/S1ObjectDefinitions.Common.Ring.dll"...
Loading ObjectDefinition type S1ObjectDefinitions.GHZ.Bridge from "GHZ/Bridge.cs"...
Loading type from cached assembly "dllcache/S1ObjectDefinitions.GHZ.Bridge.dll"...
Loading ObjectDefinition type S1ObjectDefinitions.GHZ.SwingingPlatform from "GHZ/SwingingPlatform.cs"...
Loading type from cached assembly "dllcache/S1ObjectDefinitions.GHZ.SwingingPlatform.dll"...
Loading ObjectDefinition type S1ObjectDefinitions.GHZ.SpikedPole from "GHZ/SpikedPole.cs"...
Loading type from cached assembly "dllcache/S1ObjectDefinitions.GHZ.SpikedPole.dll"...
Loading objects from file "../objpos/ghz1.bin", using compression Uncompressed...
Loading start position "Level Start" from file "../misc/sloc_lev.bin"...
Loading start position "Credits Demo 1" from file "../misc/sloc_end.bin"...
Loading start position "Credits Demo 2" from file "../misc/sloc_end.bin"...
Drawing block bitmaps...
Drawing chunk bitmaps...
Level loaded in 0.280038 second(s).
Load completed.
Saving Green Hill Zone Act 1...
Saving Green Hill Zone Act 1...
Saving Green Hill Zone Act 1...
System.ArgumentOutOfRangeException: Index and length must refer to a location within the string.
Parameter name: length
  at System.Text.StringBuilder.ToString (System.Int32 startIndex, System.Int32 length) [0x00055] in <12b418a7818c4ca0893feeaaf67f1e7f>:0 
  at System.Windows.Forms.UndoManager.Duplicate (System.Windows.Forms.Line start_line, System.Int32 start_pos, System.Windows.Forms.Line end_line, System.Int32 end_pos) [0x00076] in <a3daa9b84fd241a497578a25f68bc3c7>:0 
  at System.Windows.Forms.UndoManager.RecordDeleteString (System.Windows.Forms.Line start_line, System.Int32 start_pos, System.Windows.Forms.Line end_line, System.Int32 end_pos) [0x00037] in <a3daa9b84fd241a497578a25f68bc3c7>:0 
  at System.Windows.Forms.Document.ReplaceSelection (System.String s, System.Boolean select_new) [0x00074] in <a3daa9b84fd241a497578a25f68bc3c7>:0 
  at System.Windows.Forms.TextBoxBase.WndProc (System.Windows.Forms.Message& m) [0x000e6] in <a3daa9b84fd241a497578a25f68bc3c7>:0 
  at System.Windows.Forms.TextBox.WndProc (System.Windows.Forms.Message& m) [0x00175] in <a3daa9b84fd241a497578a25f68bc3c7>:0 
  at System.Windows.Forms.Control+ControlWindowTarget.OnMessage (System.Windows.Forms.Message& m) [0x00000] in <a3daa9b84fd241a497578a25f68bc3c7>:0 
  at System.Windows.Forms.Control+ControlNativeWindow.WndProc (System.Windows.Forms.Message& m) [0x0000b] in <a3daa9b84fd241a497578a25f68bc3c7>:0 
  at System.Windows.Forms.NativeWindow.WndProc (System.IntPtr hWnd, System.Windows.Forms.Msg msg, System.IntPtr wParam, System.IntPtr lParam) [0x0008e] in <a3daa9b84fd241a497578a25f68bc3c7>:0 
System.ArgumentOutOfRangeException: Index and length must refer to a location within the string.
Parameter name: length
  at System.Text.StringBuilder.ToString (System.Int32 startIndex, System.Int32 length) [0x00055] in <12b418a7818c4ca0893feeaaf67f1e7f>:0 
  at System.Windows.Forms.UndoManager.Duplicate (System.Windows.Forms.Line start_line, System.Int32 start_pos, System.Windows.Forms.Line end_line, System.Int32 end_pos) [0x00076] in <a3daa9b84fd241a497578a25f68bc3c7>:0 
  at System.Windows.Forms.UndoManager.RecordDeleteString (System.Windows.Forms.Line start_line, System.Int32 start_pos, System.Windows.Forms.Line end_line, System.Int32 end_pos) [0x00037] in <a3daa9b84fd241a497578a25f68bc3c7>:0 
  at System.Windows.Forms.Document.ReplaceSelection (System.String s, System.Boolean select_new) [0x00074] in <a3daa9b84fd241a497578a25f68bc3c7>:0 
  at System.Windows.Forms.TextBoxBase.WndProc (System.Windows.Forms.Message& m) [0x000e6] in <a3daa9b84fd241a497578a25f68bc3c7>:0 
  at System.Windows.Forms.TextBox.WndProc (System.Windows.Forms.Message& m) [0x00175] in <a3daa9b84fd241a497578a25f68bc3c7>:0 
  at System.Windows.Forms.Control+ControlWindowTarget.OnMessage (System.Windows.Forms.Message& m) [0x00000] in <a3daa9b84fd241a497578a25f68bc3c7>:0 
  at System.Windows.Forms.Control+ControlNativeWindow.WndProc (System.Windows.Forms.Message& m) [0x0000b] in <a3daa9b84fd241a497578a25f68bc3c7>:0 
  at System.Windows.Forms.NativeWindow.WndProc (System.IntPtr hWnd, System.Windows.Forms.Msg msg, System.IntPtr wParam, System.IntPtr lParam) [0x0008e] in <a3daa9b84fd241a497578a25f68bc3c7>:0 
Saving Green Hill Zone Act 1...
Saving Green Hill Zone Act 1...
Saving Green Hill Zone Act 1...
Saving Green Hill Zone Act 1...
Saving Green Hill Zone Act 1...
Saving Green Hill Zone Act 1...
System.IndexOutOfRangeException: Index was outside the bounds of the array.
  at SonicRetro.SonLVL.GUI.MainForm.BlockPicture_MouseDown (System.Object sender, System.Windows.Forms.MouseEventArgs e) [0x00097] in <e586bf449a94471986cc3538caab2ba5>:0 
  at System.Windows.Forms.Control.OnMouseDown (System.Windows.Forms.MouseEventArgs e) [0x0001c] in <a3daa9b84fd241a497578a25f68bc3c7>:0 
  at System.Windows.Forms.UserControl.OnMouseDown (System.Windows.Forms.MouseEventArgs e) [0x00000] in <a3daa9b84fd241a497578a25f68bc3c7>:0 
  at System.Windows.Forms.Control.WmRButtonDown (System.Windows.Forms.Message& m) [0x00072] in <a3daa9b84fd241a497578a25f68bc3c7>:0 
  at System.Windows.Forms.Control.WndProc (System.Windows.Forms.Message& m) [0x001a7] in <a3daa9b84fd241a497578a25f68bc3c7>:0 
  at System.Windows.Forms.ScrollableControl.WndProc (System.Windows.Forms.Message& m) [0x00000] in <a3daa9b84fd241a497578a25f68bc3c7>:0 
  at System.Windows.Forms.ContainerControl.WndProc (System.Windows.Forms.Message& m) [0x0003c] in <a3daa9b84fd241a497578a25f68bc3c7>:0 
  at System.Windows.Forms.UserControl.WndProc (System.Windows.Forms.Message& m) [0x00036] in <a3daa9b84fd241a497578a25f68bc3c7>:0 
  at System.Windows.Forms.Control+ControlWindowTarget.OnMessage (System.Windows.Forms.Message& m) [0x00000] in <a3daa9b84fd241a497578a25f68bc3c7>:0 
  at System.Windows.Forms.Control+ControlNativeWindow.WndProc (System.Windows.Forms.Message& m) [0x0000b] in <a3daa9b84fd241a497578a25f68bc3c7>:0 
  at System.Windows.Forms.NativeWindow.WndProc (System.IntPtr hWnd, System.Windows.Forms.Msg msg, System.IntPtr wParam, System.IntPtr lParam) [0x0008e] in <a3daa9b84fd241a497578a25f68bc3c7>:0 
System.IndexOutOfRangeException: Index was outside the bounds of the array.
  at SonicRetro.SonLVL.GUI.MainForm.TilePicture_MouseMove (System.Object sender, System.Windows.Forms.MouseEventArgs e) [0x0006c] in <e586bf449a94471986cc3538caab2ba5>:0 
  at System.Windows.Forms.Control.OnMouseMove (System.Windows.Forms.MouseEventArgs e) [0x0001c] in <a3daa9b84fd241a497578a25f68bc3c7>:0 
  at System.Windows.Forms.Control.WmMouseMove (System.Windows.Forms.Message& m) [0x000ae] in <a3daa9b84fd241a497578a25f68bc3c7>:0 
  at System.Windows.Forms.Control.WndProc (System.Windows.Forms.Message& m) [0x001c7] in <a3daa9b84fd241a497578a25f68bc3c7>:0 
  at System.Windows.Forms.ScrollableControl.WndProc (System.Windows.Forms.Message& m) [0x00000] in <a3daa9b84fd241a497578a25f68bc3c7>:0 
  at System.Windows.Forms.Control+ControlWindowTarget.OnMessage (System.Windows.Forms.Message& m) [0x00000] in <a3daa9b84fd241a497578a25f68bc3c7>:0 
  at System.Windows.Forms.Control+ControlNativeWindow.WndProc (System.Windows.Forms.Message& m) [0x0000b] in <a3daa9b84fd241a497578a25f68bc3c7>:0 
  at System.Windows.Forms.NativeWindow.WndProc (System.IntPtr hWnd, System.Windows.Forms.Msg msg, System.IntPtr wParam, System.IntPtr lParam) [0x0008e] in <a3daa9b84fd241a497578a25f68bc3c7>:0 
System.IndexOutOfRangeException: Index was outside the bounds of the array.
  at SonicRetro.SonLVL.GUI.MainForm.TilePicture_MouseMove (System.Object sender, System.Windows.Forms.MouseEventArgs e) [0x0006c] in <e586bf449a94471986cc3538caab2ba5>:0 
  at System.Windows.Forms.Control.OnMouseMove (System.Windows.Forms.MouseEventArgs e) [0x0001c] in <a3daa9b84fd241a497578a25f68bc3c7>:0 
  at System.Windows.Forms.Control.WmMouseMove (System.Windows.Forms.Message& m) [0x000ae] in <a3daa9b84fd241a497578a25f68bc3c7>:0 
  at System.Windows.Forms.Control.WndProc (System.Windows.Forms.Message& m) [0x001c7] in <a3daa9b84fd241a497578a25f68bc3c7>:0 
  at System.Windows.Forms.ScrollableControl.WndProc (System.Windows.Forms.Message& m) [0x00000] in <a3daa9b84fd241a497578a25f68bc3c7>:0 
  at System.Windows.Forms.Control+ControlWindowTarget.OnMessage (System.Windows.Forms.Message& m) [0x00000] in <a3daa9b84fd241a497578a25f68bc3c7>:0 
  at System.Windows.Forms.Control+ControlNativeWindow.WndProc (System.Windows.Forms.Message& m) [0x0000b] in <a3daa9b84fd241a497578a25f68bc3c7>:0 
  at System.Windows.Forms.NativeWindow.WndProc (System.IntPtr hWnd, System.Windows.Forms.Msg msg, System.IntPtr wParam, System.IntPtr lParam) [0x0008e] in <a3daa9b84fd241a497578a25f68bc3c7>:0 
System.IndexOutOfRangeException: Index was outside the bounds of the array.
  at SonicRetro.SonLVL.GUI.MainForm.TilePicture_MouseMove (System.Object sender, System.Windows.Forms.MouseEventArgs e) [0x0006c] in <e586bf449a94471986cc3538caab2ba5>:0 
  at System.Windows.Forms.Control.OnMouseMove (System.Windows.Forms.MouseEventArgs e) [0x0001c] in <a3daa9b84fd241a497578a25f68bc3c7>:0 
  at System.Windows.Forms.Control.WmMouseMove (System.Windows.Forms.Message& m) [0x000ae] in <a3daa9b84fd241a497578a25f68bc3c7>:0 
  at System.Windows.Forms.Control.WndProc (System.Windows.Forms.Message& m) [0x001c7] in <a3daa9b84fd241a497578a25f68bc3c7>:0 
  at System.Windows.Forms.ScrollableControl.WndProc (System.Windows.Forms.Message& m) [0x00000] in <a3daa9b84fd241a497578a25f68bc3c7>:0 
  at System.Windows.Forms.Control+ControlWindowTarget.OnMessage (System.Windows.Forms.Message& m) [0x00000] in <a3daa9b84fd241a497578a25f68bc3c7>:0 
  at System.Windows.Forms.Control+ControlNativeWindow.WndProc (System.Windows.Forms.Message& m) [0x0000b] in <a3daa9b84fd241a497578a25f68bc3c7>:0 
  at System.Windows.Forms.NativeWindow.WndProc (System.IntPtr hWnd, System.Windows.Forms.Msg msg, System.IntPtr wParam, System.IntPtr lParam) [0x0008e] in <a3daa9b84fd241a497578a25f68bc3c7>:0 
System.IndexOutOfRangeException: Index was outside the bounds of the array.
  at SonicRetro.SonLVL.GUI.MainForm.TilePicture_MouseMove (System.Object sender, System.Windows.Forms.MouseEventArgs e) [0x0006c] in <e586bf449a94471986cc3538caab2ba5>:0 
  at System.Windows.Forms.Control.OnMouseMove (System.Windows.Forms.MouseEventArgs e) [0x0001c] in <a3daa9b84fd241a497578a25f68bc3c7>:0 
  at System.Windows.Forms.Control.WmMouseMove (System.Windows.Forms.Message& m) [0x000ae] in <a3daa9b84fd241a497578a25f68bc3c7>:0 
  at System.Windows.Forms.Control.WndProc (System.Windows.Forms.Message& m) [0x001c7] in <a3daa9b84fd241a497578a25f68bc3c7>:0 
  at System.Windows.Forms.ScrollableControl.WndProc (System.Windows.Forms.Message& m) [0x00000] in <a3daa9b84fd241a497578a25f68bc3c7>:0 
  at System.Windows.Forms.Control+ControlWindowTarget.OnMessage (System.Windows.Forms.Message& m) [0x00000] in <a3daa9b84fd241a497578a25f68bc3c7>:0 
  at System.Windows.Forms.Control+ControlNativeWindow.WndProc (System.Windows.Forms.Message& m) [0x0000b] in <a3daa9b84fd241a497578a25f68bc3c7>:0 
  at System.Windows.Forms.NativeWindow.WndProc (System.IntPtr hWnd, System.Windows.Forms.Msg msg, System.IntPtr wParam, System.IntPtr lParam) [0x0008e] in <a3daa9b84fd241a497578a25f68bc3c7>:0 
System.IndexOutOfRangeException: Index was outside the bounds of the array.
  at SonicRetro.SonLVL.GUI.MainForm.TilePicture_MouseMove (System.Object sender, System.Windows.Forms.MouseEventArgs e) [0x0006c] in <e586bf449a94471986cc3538caab2ba5>:0 
  at System.Windows.Forms.Control.OnMouseMove (System.Windows.Forms.MouseEventArgs e) [0x0001c] in <a3daa9b84fd241a497578a25f68bc3c7>:0 
  at System.Windows.Forms.Control.WmMouseMove (System.Windows.Forms.Message& m) [0x000ae] in <a3daa9b84fd241a497578a25f68bc3c7>:0 
  at System.Windows.Forms.Control.WndProc (System.Windows.Forms.Message& m) [0x001c7] in <a3daa9b84fd241a497578a25f68bc3c7>:0 
  at System.Windows.Forms.ScrollableControl.WndProc (System.Windows.Forms.Message& m) [0x00000] in <a3daa9b84fd241a497578a25f68bc3c7>:0 
  at System.Windows.Forms.Control+ControlWindowTarget.OnMessage (System.Windows.Forms.Message& m) [0x00000] in <a3daa9b84fd241a497578a25f68bc3c7>:0 
  at System.Windows.Forms.Control+ControlNativeWindow.WndProc (System.Windows.Forms.Message& m) [0x0000b] in <a3daa9b84fd241a497578a25f68bc3c7>:0 
  at System.Windows.Forms.NativeWindow.WndProc (System.IntPtr hWnd, System.Windows.Forms.Msg msg, System.IntPtr wParam, System.IntPtr lParam) [0x0008e] in <a3daa9b84fd241a497578a25f68bc3c7>:0 
System.IndexOutOfRangeException: Index was outside the bounds of the array.
  at SonicRetro.SonLVL.GUI.MainForm.TilePicture_MouseMove (System.Object sender, System.Windows.Forms.MouseEventArgs e) [0x0006c] in <e586bf449a94471986cc3538caab2ba5>:0 
  at System.Windows.Forms.Control.OnMouseMove (System.Windows.Forms.MouseEventArgs e) [0x0001c] in <a3daa9b84fd241a497578a25f68bc3c7>:0 
  at System.Windows.Forms.Control.WmMouseMove (System.Windows.Forms.Message& m) [0x000ae] in <a3daa9b84fd241a497578a25f68bc3c7>:0 
  at System.Windows.Forms.Control.WndProc (System.Windows.Forms.Message& m) [0x001c7] in <a3daa9b84fd241a497578a25f68bc3c7>:0 
  at System.Windows.Forms.ScrollableControl.WndProc (System.Windows.Forms.Message& m) [0x00000] in <a3daa9b84fd241a497578a25f68bc3c7>:0 
  at System.Windows.Forms.Control+ControlWindowTarget.OnMessage (System.Windows.Forms.Message& m) [0x00000] in <a3daa9b84fd241a497578a25f68bc3c7>:0 
  at System.Windows.Forms.Control+ControlNativeWindow.WndProc (System.Windows.Forms.Message& m) [0x0000b] in <a3daa9b84fd241a497578a25f68bc3c7>:0 
  at System.Windows.Forms.NativeWindow.WndProc (System.IntPtr hWnd, System.Windows.Forms.Msg msg, System.IntPtr wParam, System.IntPtr lParam) [0x0008e] in <a3daa9b84fd241a497578a25f68bc3c7>:0 
System.IndexOutOfRangeException: Index was outside the bounds of the array.
  at SonicRetro.SonLVL.GUI.MainForm.TilePicture_MouseMove (System.Object sender, System.Windows.Forms.MouseEventArgs e) [0x0006c] in <e586bf449a94471986cc3538caab2ba5>:0 
  at System.Windows.Forms.Control.OnMouseMove (System.Windows.Forms.MouseEventArgs e) [0x0001c] in <a3daa9b84fd241a497578a25f68bc3c7>:0 
  at System.Windows.Forms.Control.WmMouseMove (System.Windows.Forms.Message& m) [0x000ae] in <a3daa9b84fd241a497578a25f68bc3c7>:0 
  at System.Windows.Forms.Control.WndProc (System.Windows.Forms.Message& m) [0x001c7] in <a3daa9b84fd241a497578a25f68bc3c7>:0 
  at System.Windows.Forms.ScrollableControl.WndProc (System.Windows.Forms.Message& m) [0x00000] in <a3daa9b84fd241a497578a25f68bc3c7>:0 
  at System.Windows.Forms.Control+ControlWindowTarget.OnMessage (System.Windows.Forms.Message& m) [0x00000] in <a3daa9b84fd241a497578a25f68bc3c7>:0 
  at System.Windows.Forms.Control+ControlNativeWindow.WndProc (System.Windows.Forms.Message& m) [0x0000b] in <a3daa9b84fd241a497578a25f68bc3c7>:0 
  at System.Windows.Forms.NativeWindow.WndProc (System.IntPtr hWnd, System.Windows.Forms.Msg msg, System.IntPtr wParam, System.IntPtr lParam) [0x0008e] in <a3daa9b84fd241a497578a25f68bc3c7>:0 
System.IndexOutOfRangeException: Index was outside the bounds of the array.
  at SonicRetro.SonLVL.GUI.MainForm.TilePicture_MouseMove (System.Object sender, System.Windows.Forms.MouseEventArgs e) [0x0006c] in <e586bf449a94471986cc3538caab2ba5>:0 
  at System.Windows.Forms.Control.OnMouseMove (System.Windows.Forms.MouseEventArgs e) [0x0001c] in <a3daa9b84fd241a497578a25f68bc3c7>:0 
  at System.Windows.Forms.Control.WmMouseMove (System.Windows.Forms.Message& m) [0x000ae] in <a3daa9b84fd241a497578a25f68bc3c7>:0 
  at System.Windows.Forms.Control.WndProc (System.Windows.Forms.Message& m) [0x001c7] in <a3daa9b84fd241a497578a25f68bc3c7>:0 
  at System.Windows.Forms.ScrollableControl.WndProc (System.Windows.Forms.Message& m) [0x00000] in <a3daa9b84fd241a497578a25f68bc3c7>:0 
  at System.Windows.Forms.Control+ControlWindowTarget.OnMessage (System.Windows.Forms.Message& m) [0x00000] in <a3daa9b84fd241a497578a25f68bc3c7>:0 
  at System.Windows.Forms.Control+ControlNativeWindow.WndProc (System.Windows.Forms.Message& m) [0x0000b] in <a3daa9b84fd241a497578a25f68bc3c7>:0 
  at System.Windows.Forms.NativeWindow.WndProc (System.IntPtr hWnd, System.Windows.Forms.Msg msg, System.IntPtr wParam, System.IntPtr lParam) [0x0008e] in <a3daa9b84fd241a497578a25f68bc3c7>:0 
Saving Green Hill Zone Act 1...
Saving Green Hill Zone Act 1...
Saving Green Hill Zone Act 1...
Saving Green Hill Zone Act 1...
System.IndexOutOfRangeException: Index was outside the bounds of the array.
  at SonicRetro.SonLVL.GUI.MainForm.TilePicture_MouseMove (System.Object sender, System.Windows.Forms.MouseEventArgs e) [0x0006c] in <e586bf449a94471986cc3538caab2ba5>:0 
  at System.Windows.Forms.Control.OnMouseMove (System.Windows.Forms.MouseEventArgs e) [0x0001c] in <a3daa9b84fd241a497578a25f68bc3c7>:0 
  at System.Windows.Forms.Control.WmMouseMove (System.Windows.Forms.Message& m) [0x000ae] in <a3daa9b84fd241a497578a25f68bc3c7>:0 
  at System.Windows.Forms.Control.WndProc (System.Windows.Forms.Message& m) [0x001c7] in <a3daa9b84fd241a497578a25f68bc3c7>:0 
  at System.Windows.Forms.ScrollableControl.WndProc (System.Windows.Forms.Message& m) [0x00000] in <a3daa9b84fd241a497578a25f68bc3c7>:0 
  at System.Windows.Forms.Control+ControlWindowTarget.OnMessage (System.Windows.Forms.Message& m) [0x00000] in <a3daa9b84fd241a497578a25f68bc3c7>:0 
  at System.Windows.Forms.Control+ControlNativeWindow.WndProc (System.Windows.Forms.Message& m) [0x0000b] in <a3daa9b84fd241a497578a25f68bc3c7>:0 
  at System.Windows.Forms.NativeWindow.WndProc (System.IntPtr hWnd, System.Windows.Forms.Msg msg, System.IntPtr wParam, System.IntPtr lParam) [0x0008e] in <a3daa9b84fd241a497578a25f68bc3c7>:0 
System.IndexOutOfRangeException: Index was outside the bounds of the array.
  at SonicRetro.SonLVL.GUI.MainForm.TilePicture_MouseMove (System.Object sender, System.Windows.Forms.MouseEventArgs e) [0x0006c] in <e586bf449a94471986cc3538caab2ba5>:0 
  at System.Windows.Forms.Control.OnMouseMove (System.Windows.Forms.MouseEventArgs e) [0x0001c] in <a3daa9b84fd241a497578a25f68bc3c7>:0 
  at System.Windows.Forms.Control.WmMouseMove (System.Windows.Forms.Message& m) [0x000ae] in <a3daa9b84fd241a497578a25f68bc3c7>:0 
  at System.Windows.Forms.Control.WndProc (System.Windows.Forms.Message& m) [0x001c7] in <a3daa9b84fd241a497578a25f68bc3c7>:0 
  at System.Windows.Forms.ScrollableControl.WndProc (System.Windows.Forms.Message& m) [0x00000] in <a3daa9b84fd241a497578a25f68bc3c7>:0 
  at System.Windows.Forms.Control+ControlWindowTarget.OnMessage (System.Windows.Forms.Message& m) [0x00000] in <a3daa9b84fd241a497578a25f68bc3c7>:0 
  at System.Windows.Forms.Control+ControlNativeWindow.WndProc (System.Windows.Forms.Message& m) [0x0000b] in <a3daa9b84fd241a497578a25f68bc3c7>:0 
  at System.Windows.Forms.NativeWindow.WndProc (System.IntPtr hWnd, System.Windows.Forms.Msg msg, System.IntPtr wParam, System.IntPtr lParam) [0x0008e] in <a3daa9b84fd241a497578a25f68bc3c7>:0 
